<?xml version="1.0" encoding="UTF-8"?>
<testsuite xmlns:xsi="http://www.w3.org/2001/XMLSchema-instance" xsi:noNamespaceSchemaLocation="https://maven.apache.org/surefire/maven-surefire-plugin/xsd/surefire-test-report-3.0.xsd" version="3.0" name="TestSuite" time="3.075" tests="6" errors="0" skipped="0" failures="0">
  <properties>
    <property name="sun.desktop" value="windows"/>
    <property name="awt.toolkit" value="sun.awt.windows.WToolkit"/>
    <property name="file.encoding.pkg" value="sun.io"/>
    <property name="java.specification.version" value="1.8"/>
    <property name="sun.cpu.isalist" value="pentium_pro+mmx pentium_pro pentium+mmx pentium i486 i386 i86"/>
    <property name="sun.jnu.encoding" value="Cp1252"/>
    <property name="java.class.path" value="C:\Users\krishna\Desktop\mavenjava\target\test-classes;C:\Users\krishna\Desktop\mavenjava\target\classes;C:\Users\krishna\.m2\repository\org\testng\testng\7.3.0\testng-7.3.0.jar;C:\Users\krishna\.m2\repository\com\beust\jcommander\1.78\jcommander-1.78.jar;C:\Users\krishna\.m2\repository\org\apache\ant\ant\1.10.3\ant-1.10.3.jar;C:\Users\krishna\.m2\repository\org\apache\ant\ant-launcher\1.10.3\ant-launcher-1.10.3.jar;C:\Users\krishna\.m2\repository\junit\junit\4.12\junit-4.12.jar;C:\Users\krishna\.m2\repository\org\hamcrest\hamcrest-core\1.3\hamcrest-core-1.3.jar;C:\Users\krishna\.m2\repository\com\google\inject\guice\4.2.2\guice-4.2.2-no_aop.jar;C:\Users\krishna\.m2\repository\javax\inject\javax.inject\1\javax.inject-1.jar;C:\Users\krishna\.m2\repository\aopalliance\aopalliance\1.0\aopalliance-1.0.jar;C:\Users\krishna\.m2\repository\com\google\guava\guava\25.1-android\guava-25.1-android.jar;C:\Users\krishna\.m2\repository\com\google\code\findbugs\jsr305\3.0.2\jsr305-3.0.2.jar;C:\Users\krishna\.m2\repository\org\checkerframework\checker-compat-qual\2.0.0\checker-compat-qual-2.0.0.jar;C:\Users\krishna\.m2\repository\com\google\errorprone\error_prone_annotations\2.1.3\error_prone_annotations-2.1.3.jar;C:\Users\krishna\.m2\repository\com\google\j2objc\j2objc-annotations\1.1\j2objc-annotations-1.1.jar;C:\Users\krishna\.m2\repository\org\codehaus\mojo\animal-sniffer-annotations\1.14\animal-sniffer-annotations-1.14.jar;C:\Users\krishna\.m2\repository\org\yaml\snakeyaml\1.21\snakeyaml-1.21.jar;"/>
    <property name="java.vm.vendor" value="Oracle Corporation"/>
    <property name="sun.arch.data.model" value="32"/>
    <property name="user.variant" value=""/>
    <property name="java.vendor.url" value="http://java.oracle.com/"/>
    <property name="user.timezone" value="America/Los_Angeles"/>
    <property name="java.vm.specification.version" value="1.8"/>
    <property name="os.name" value="Windows 10"/>
    <property name="user.country" value="US"/>
    <property name="sun.java.launcher" value="SUN_STANDARD"/>
    <property name="sun.boot.library.path" value="C:\Program Files\Java\jdk1.8.0_271\jre\bin"/>
    <property name="sun.java.command" value="C:\Users\krishna\AppData\Local\Temp\surefire7837935897758675415\surefirebooter3602316729598470557.jar C:\Users\krishna\AppData\Local\Temp\surefire7837935897758675415 2020-11-22T04-46-19_215-jvmRun1 surefire8909882921229201076tmp surefire_0486986562133468022tmp"/>
    <property name="surefire.test.class.path" value="C:\Users\krishna\Desktop\mavenjava\target\test-classes;C:\Users\krishna\Desktop\mavenjava\target\classes;C:\Users\krishna\.m2\repository\org\testng\testng\7.3.0\testng-7.3.0.jar;C:\Users\krishna\.m2\repository\com\beust\jcommander\1.78\jcommander-1.78.jar;C:\Users\krishna\.m2\repository\org\apache\ant\ant\1.10.3\ant-1.10.3.jar;C:\Users\krishna\.m2\repository\org\apache\ant\ant-launcher\1.10.3\ant-launcher-1.10.3.jar;C:\Users\krishna\.m2\repository\junit\junit\4.12\junit-4.12.jar;C:\Users\krishna\.m2\repository\org\hamcrest\hamcrest-core\1.3\hamcrest-core-1.3.jar;C:\Users\krishna\.m2\repository\com\google\inject\guice\4.2.2\guice-4.2.2-no_aop.jar;C:\Users\krishna\.m2\repository\javax\inject\javax.inject\1\javax.inject-1.jar;C:\Users\krishna\.m2\repository\aopalliance\aopalliance\1.0\aopalliance-1.0.jar;C:\Users\krishna\.m2\repository\com\google\guava\guava\25.1-android\guava-25.1-android.jar;C:\Users\krishna\.m2\repository\com\google\code\findbugs\jsr305\3.0.2\jsr305-3.0.2.jar;C:\Users\krishna\.m2\repository\org\checkerframework\checker-compat-qual\2.0.0\checker-compat-qual-2.0.0.jar;C:\Users\krishna\.m2\repository\com\google\errorprone\error_prone_annotations\2.1.3\error_prone_annotations-2.1.3.jar;C:\Users\krishna\.m2\repository\com\google\j2objc\j2objc-annotations\1.1\j2objc-annotations-1.1.jar;C:\Users\krishna\.m2\repository\org\codehaus\mojo\animal-sniffer-annotations\1.14\animal-sniffer-annotations-1.14.jar;C:\Users\krishna\.m2\repository\org\yaml\snakeyaml\1.21\snakeyaml-1.21.jar;"/>
    <property name="sun.cpu.endian" value="little"/>
    <property name="user.home" value="C:\Users\krishna"/>
    <property name="user.language" value="en"/>
    <property name="java.specification.vendor" value="Oracle Corporation"/>
    <property name="java.home" value="C:\Program Files\Java\jdk1.8.0_271\jre"/>
    <property name="basedir" value="C:\Users\krishna\Desktop\mavenjava"/>
    <property name="file.separator" value="\"/>
    <property name="line.separator" value="&#10;"/>
    <property name="java.vm.specification.vendor" value="Oracle Corporation"/>
    <property name="java.specification.name" value="Java Platform API Specification"/>
    <property name="java.awt.graphicsenv" value="sun.awt.Win32GraphicsEnvironment"/>
    <property name="surefire.real.class.path" value="C:\Users\krishna\AppData\Local\Temp\surefire7837935897758675415\surefirebooter3602316729598470557.jar"/>
    <property name="sun.boot.class.path" value="C:\Program Files\Java\jdk1.8.0_271\jre\lib\resources.jar;C:\Program Files\Java\jdk1.8.0_271\jre\lib\rt.jar;C:\Program Files\Java\jdk1.8.0_271\jre\lib\sunrsasign.jar;C:\Program Files\Java\jdk1.8.0_271\jre\lib\jsse.jar;C:\Program Files\Java\jdk1.8.0_271\jre\lib\jce.jar;C:\Program Files\Java\jdk1.8.0_271\jre\lib\charsets.jar;C:\Program Files\Java\jdk1.8.0_271\jre\lib\jfr.jar;C:\Program Files\Java\jdk1.8.0_271\jre\classes"/>
    <property name="user.script" value=""/>
    <property name="sun.management.compiler" value="HotSpot Client Compiler"/>
    <property name="java.runtime.version" value="1.8.0_271-b09"/>
    <property name="user.name" value="krishna"/>
    <property name="path.separator" value=";"/>
    <property name="os.version" value="10.0"/>
    <property name="java.endorsed.dirs" value="C:\Program Files\Java\jdk1.8.0_271\jre\lib\endorsed"/>
    <property name="java.runtime.name" value="Java(TM) SE Runtime Environment"/>
    <property name="file.encoding" value="Cp1252"/>
    <property name="java.vm.name" value="Java HotSpot(TM) Client VM"/>
    <property name="localRepository" value="C:\Users\krishna\.m2\repository"/>
    <property name="java.vendor.url.bug" value="http://bugreport.sun.com/bugreport/"/>
    <property name="java.io.tmpdir" value="C:\Users\krishna\AppData\Local\Temp\"/>
    <property name="java.version" value="1.8.0_271"/>
    <property name="user.dir" value="C:\Users\krishna\Desktop\mavenjava"/>
    <property name="os.arch" value="x86"/>
    <property name="java.vm.specification.name" value="Java Virtual Machine Specification"/>
    <property name="java.awt.printerjob" value="sun.awt.windows.WPrinterJob"/>
    <property name="sun.os.patch.level" value=""/>
    <property name="java.library.path" value="C:\Program Files\Java\jdk1.8.0_271\jre\bin;C:\WINDOWS\Sun\Java\bin;C:\WINDOWS\system32;C:\WINDOWS;C:\Program Files\Common Files\Oracle\Java\javapath;C:\WINDOWS\system32;C:\WINDOWS;C:\WINDOWS\System32\Wbem;C:\WINDOWS\System32\WindowsPowerShell\v1.0\;C:\WINDOWS\System32\OpenSSH\;C:\Users\krishna\Downloads\apache-maven-3.6.3-bin\apache-maven-3.6.3;C:\Users\krishna\Downloads\apache-maven-3.6.3-bin\apache-maven-3.6.3\bin;C:\Users\krishna\AppData\Local\Microsoft\WindowsApps;;."/>
    <property name="java.vm.info" value="mixed mode, sharing"/>
    <property name="java.vendor" value="Oracle Corporation"/>
    <property name="java.vm.version" value="25.271-b09"/>
    <property name="java.ext.dirs" value="C:\Program Files\Java\jdk1.8.0_271\jre\lib\ext;C:\WINDOWS\Sun\Java\lib\ext"/>
    <property name="sun.io.unicode.encoding" value="UnicodeLittle"/>
    <property name="java.class.version" value="52.0"/>
  </properties>
  <testcase name="logout" classname="mavenpractice.AppiumTest" time="0.02">
    <system-out><![CDATA[mobile logout
]]></system-out>
  </testcase>
  <testcase name="mobilelogin" classname="mavenpractice.AppiumTest" time="0.015">
    <system-out><![CDATA[mobile launched
]]></system-out>
  </testcase>
  <testcase name="jira" classname="mavenpractice.RestTest" time="0.09">
    <system-out><![CDATA[jira launched
]]></system-out>
  </testcase>
  <testcase name="work" classname="mavenpractice.RestTest" time="0.003">
    <system-out><![CDATA[rest api work launched
]]></system-out>
  </testcase>
  <testcase name="browser" classname="mavenpractice.seleniumTest" time="0.002">
    <system-out><![CDATA[browser launched
]]></system-out>
  </testcase>
  <testcase name="login" classname="mavenpractice.seleniumTest" time="0.004">
    <system-out><![CDATA[seleium logout successfully
]]></system-out>
  </testcase>
</testsuite>