<?xml version="1.0" encoding="UTF-8"?>
<!-- Generated by org.testng.reporters.JUnitReportReporter -->
<testsuite skipped="0" hostname="DESKTOP-6TCML79" name="mavenpractice.RestTest" tests="2" failures="0" timestamp="2020-11-22T04:46:27 PST" time="0.004" errors="0">
  <testcase name="work" time="0.003" classname="mavenpractice.RestTest"/>
  <system-out/>
  <testcase name="jira" time="0.001" classname="mavenpractice.RestTest"/>
  <system-out/>
</testsuite> <!-- mavenpractice.RestTest -->
