<?xml version="1.0" encoding="UTF-8"?>
<!-- Generated by org.testng.reporters.JUnitReportReporter -->
<testsuite skipped="0" hostname="DESKTOP-6TCML79" name="mavenpractice.seleniumTest" tests="2" failures="0" timestamp="2020-11-22T04:46:27 PST" time="0.002" errors="0">
  <testcase name="login" time="0.000" classname="mavenpractice.seleniumTest"/>
  <system-out/>
  <testcase name="browser" time="0.002" classname="mavenpractice.seleniumTest"/>
  <system-out/>
</testsuite> <!-- mavenpractice.seleniumTest -->
